mode: set
github.com/oleg-kozlyuk/canopy/internal/storage/gcs.go:22.77,23.18 1 1
github.com/oleg-kozlyuk/canopy/internal/storage/gcs.go:23.18,25.3 1 1
github.com/oleg-kozlyuk/canopy/internal/storage/gcs.go:27.2,28.16 2 0
github.com/oleg-kozlyuk/canopy/internal/storage/gcs.go:28.16,30.3 1 0
github.com/oleg-kozlyuk/canopy/internal/storage/gcs.go:32.2,35.8 1 0
github.com/oleg-kozlyuk/canopy/internal/storage/gcs.go:40.92,41.49 1 1
github.com/oleg-kozlyuk/canopy/internal/storage/gcs.go:41.49,43.3 1 1
github.com/oleg-kozlyuk/canopy/internal/storage/gcs.go:45.2,49.41 4 0
github.com/oleg-kozlyuk/canopy/internal/storage/gcs.go:49.41,52.3 2 0
github.com/oleg-kozlyuk/canopy/internal/storage/gcs.go:54.2,54.34 1 0
github.com/oleg-kozlyuk/canopy/internal/storage/gcs.go:54.34,56.3 1 0
github.com/oleg-kozlyuk/canopy/internal/storage/gcs.go:58.2,58.12 1 0
github.com/oleg-kozlyuk/canopy/internal/storage/gcs.go:64.88,65.49 1 1
github.com/oleg-kozlyuk/canopy/internal/storage/gcs.go:65.49,67.3 1 1
github.com/oleg-kozlyuk/canopy/internal/storage/gcs.go:69.2,73.16 4 0
github.com/oleg-kozlyuk/canopy/internal/storage/gcs.go:73.16,75.48 1 0
github.com/oleg-kozlyuk/canopy/internal/storage/gcs.go:75.48,77.4 1 0
github.com/oleg-kozlyuk/canopy/internal/storage/gcs.go:78.3,78.78 1 0
github.com/oleg-kozlyuk/canopy/internal/storage/gcs.go:80.2,83.16 3 0
github.com/oleg-kozlyuk/canopy/internal/storage/gcs.go:83.16,85.3 1 0
github.com/oleg-kozlyuk/canopy/internal/storage/gcs.go:87.2,87.18 1 0
github.com/oleg-kozlyuk/canopy/internal/storage/gcs.go:93.115,94.49 1 1
github.com/oleg-kozlyuk/canopy/internal/storage/gcs.go:94.49,96.3 1 1
github.com/oleg-kozlyuk/canopy/internal/storage/gcs.go:98.2,98.19 1 1
github.com/oleg-kozlyuk/canopy/internal/storage/gcs.go:98.19,100.3 1 1
github.com/oleg-kozlyuk/canopy/internal/storage/gcs.go:102.2,106.14 4 0
github.com/oleg-kozlyuk/canopy/internal/storage/gcs.go:106.14,109.3 1 0
github.com/oleg-kozlyuk/canopy/internal/storage/gcs.go:111.2,111.46 1 0
github.com/oleg-kozlyuk/canopy/internal/storage/gcs.go:111.46,114.3 2 0
github.com/oleg-kozlyuk/canopy/internal/storage/gcs.go:116.2,116.34 1 0
github.com/oleg-kozlyuk/canopy/internal/storage/gcs.go:116.34,118.3 1 0
github.com/oleg-kozlyuk/canopy/internal/storage/gcs.go:120.2,120.12 1 0
github.com/oleg-kozlyuk/canopy/internal/storage/gcs.go:124.36,125.21 1 1
github.com/oleg-kozlyuk/canopy/internal/storage/gcs.go:125.21,127.3 1 0
github.com/oleg-kozlyuk/canopy/internal/storage/gcs.go:128.2,128.12 1 1
github.com/oleg-kozlyuk/canopy/internal/storage/gcs.go:133.47,135.2 1 1
github.com/oleg-kozlyuk/canopy/internal/storage/gcs.go:138.49,139.19 1 1
github.com/oleg-kozlyuk/canopy/internal/storage/gcs.go:139.19,141.3 1 1
github.com/oleg-kozlyuk/canopy/internal/storage/gcs.go:142.2,142.20 1 1
github.com/oleg-kozlyuk/canopy/internal/storage/gcs.go:142.20,144.3 1 1
github.com/oleg-kozlyuk/canopy/internal/storage/gcs.go:145.2,145.22 1 1
github.com/oleg-kozlyuk/canopy/internal/storage/gcs.go:145.22,147.3 1 1
github.com/oleg-kozlyuk/canopy/internal/storage/gcs.go:148.2,148.12 1 1
github.com/oleg-kozlyuk/canopy/internal/storage/gcs.go:154.94,161.6 3 0
github.com/oleg-kozlyuk/canopy/internal/storage/gcs.go:161.6,163.36 2 0
github.com/oleg-kozlyuk/canopy/internal/storage/gcs.go:163.36,164.9 1 0
github.com/oleg-kozlyuk/canopy/internal/storage/gcs.go:166.3,166.17 1 0
github.com/oleg-kozlyuk/canopy/internal/storage/gcs.go:166.17,168.4 1 0
github.com/oleg-kozlyuk/canopy/internal/storage/gcs.go:169.3,169.36 1 0
github.com/oleg-kozlyuk/canopy/internal/storage/gcs.go:172.2,172.19 1 0
github.com/oleg-kozlyuk/canopy/internal/storage/minio.go:31.86,32.27 1 1
github.com/oleg-kozlyuk/canopy/internal/storage/minio.go:32.27,34.3 1 1
github.com/oleg-kozlyuk/canopy/internal/storage/minio.go:35.2,35.30 1 1
github.com/oleg-kozlyuk/canopy/internal/storage/minio.go:35.30,37.3 1 1
github.com/oleg-kozlyuk/canopy/internal/storage/minio.go:38.2,38.34 1 1
github.com/oleg-kozlyuk/canopy/internal/storage/minio.go:38.34,40.3 1 1
github.com/oleg-kozlyuk/canopy/internal/storage/minio.go:41.2,41.25 1 1
github.com/oleg-kozlyuk/canopy/internal/storage/minio.go:41.25,43.3 1 1
github.com/oleg-kozlyuk/canopy/internal/storage/minio.go:46.2,50.16 2 1
github.com/oleg-kozlyuk/canopy/internal/storage/minio.go:50.16,52.3 1 0
github.com/oleg-kozlyuk/canopy/internal/storage/minio.go:55.2,56.16 2 1
github.com/oleg-kozlyuk/canopy/internal/storage/minio.go:56.16,58.3 1 0
github.com/oleg-kozlyuk/canopy/internal/storage/minio.go:60.2,60.13 1 1
github.com/oleg-kozlyuk/canopy/internal/storage/minio.go:60.13,62.17 2 1
github.com/oleg-kozlyuk/canopy/internal/storage/minio.go:62.17,64.4 1 0
github.com/oleg-kozlyuk/canopy/internal/storage/minio.go:67.2,70.8 1 1
github.com/oleg-kozlyuk/canopy/internal/storage/minio.go:75.94,76.49 1 1
github.com/oleg-kozlyuk/canopy/internal/storage/minio.go:76.49,78.3 1 1
github.com/oleg-kozlyuk/canopy/internal/storage/minio.go:80.2,86.16 4 1
github.com/oleg-kozlyuk/canopy/internal/storage/minio.go:86.16,88.3 1 1
github.com/oleg-kozlyuk/canopy/internal/storage/minio.go:90.2,90.12 1 1
github.com/oleg-kozlyuk/canopy/internal/storage/minio.go:96.90,97.49 1 1
github.com/oleg-kozlyuk/canopy/internal/storage/minio.go:97.49,99.3 1 1
github.com/oleg-kozlyuk/canopy/internal/storage/minio.go:101.2,104.16 3 1
github.com/oleg-kozlyuk/canopy/internal/storage/minio.go:104.16,106.3 1 0
github.com/oleg-kozlyuk/canopy/internal/storage/minio.go:107.2,111.16 3 1
github.com/oleg-kozlyuk/canopy/internal/storage/minio.go:111.16,114.64 2 1
github.com/oleg-kozlyuk/canopy/internal/storage/minio.go:114.64,116.4 1 1
github.com/oleg-kozlyuk/canopy/internal/storage/minio.go:117.3,117.80 1 1
github.com/oleg-kozlyuk/canopy/internal/storage/minio.go:120.2,120.18 1 1
github.com/oleg-kozlyuk/canopy/internal/storage/minio.go:126.117,127.49 1 1
github.com/oleg-kozlyuk/canopy/internal/storage/minio.go:127.49,129.3 1 1
github.com/oleg-kozlyuk/canopy/internal/storage/minio.go:131.2,131.19 1 1
github.com/oleg-kozlyuk/canopy/internal/storage/minio.go:131.19,133.3 1 1
github.com/oleg-kozlyuk/canopy/internal/storage/minio.go:135.2,139.20 3 1
github.com/oleg-kozlyuk/canopy/internal/storage/minio.go:139.20,141.3 1 1
github.com/oleg-kozlyuk/canopy/internal/storage/minio.go:143.2,146.16 2 1
github.com/oleg-kozlyuk/canopy/internal/storage/minio.go:146.16,148.3 1 0
github.com/oleg-kozlyuk/canopy/internal/storage/minio.go:150.2,150.12 1 1
github.com/oleg-kozlyuk/canopy/internal/storage/minio.go:155.38,158.2 1 1
github.com/oleg-kozlyuk/canopy/internal/storage/minio.go:163.96,171.31 3 1
github.com/oleg-kozlyuk/canopy/internal/storage/minio.go:171.31,172.24 1 1
github.com/oleg-kozlyuk/canopy/internal/storage/minio.go:172.24,174.4 1 0
github.com/oleg-kozlyuk/canopy/internal/storage/minio.go:175.3,175.36 1 1
github.com/oleg-kozlyuk/canopy/internal/storage/minio.go:178.2,178.19 1 1
